<?xml version="1.0" encoding="UTF-8"?>
<coverage generated="1655446856152" clover="3.2.0">
  <project timestamp="1655446856152" name="All files">
    <metrics statements="16" coveredstatements="16" conditionals="4" coveredconditionals="4" methods="8" coveredmethods="8" elements="28" coveredelements="28" complexity="0" loc="16" ncloc="16" packages="1" files="4" classes="4"/>
    <file name="calculator.js" path="/home/sajid/Documents/Github/Microveres projects/JavaScript_Testing/calculator.js">
      <metrics statements="6" coveredstatements="6" conditionals="0" coveredconditionals="0" methods="5" coveredmethods="5"/>
      <line num="4" count="1" type="stmt"/>
      <line num="7" count="1" type="stmt"/>
      <line num="10" count="1" type="stmt"/>
      <line num="13" count="1" type="stmt"/>
      <line num="17" count="1" type="stmt"/>
      <line num="23" count="1" type="stmt"/>
    </file>
    <file name="captilize.js" path="/home/sajid/Documents/Github/Microveres projects/JavaScript_Testing/captilize.js">
      <metrics statements="3" coveredstatements="3" conditionals="0" coveredconditionals="0" methods="1" coveredmethods="1"/>
      <line num="1" count="1" type="stmt"/>
      <line num="2" count="1" type="stmt"/>
      <line num="6" count="1" type="stmt"/>
    </file>
    <file name="reverseString.js" path="/home/sajid/Documents/Github/Microveres projects/JavaScript_Testing/reverseString.js">
      <metrics statements="3" coveredstatements="3" conditionals="0" coveredconditionals="0" methods="1" coveredmethods="1"/>
      <line num="1" count="1" type="stmt"/>
      <line num="2" count="1" type="stmt"/>
      <line num="7" count="1" type="stmt"/>
    </file>
    <file name="stringLength.js" path="/home/sajid/Documents/Github/Microveres projects/JavaScript_Testing/stringLength.js">
      <metrics statements="4" coveredstatements="4" conditionals="4" coveredconditionals="4" methods="1" coveredmethods="1"/>
      <line num="1" count="1" type="stmt"/>
      <line num="2" count="2" type="cond" truecount="4" falsecount="0"/>
      <line num="3" count="1" type="stmt"/>
      <line num="5" count="1" type="stmt"/>
    </file>
  </project>
</coverage>
